<?xml version="1.0" encoding="UTF-8"?><testsuite errors="0" failures="0" name="SerenityInitialTest" skipped="0" tests="5" time="8.74" timestamp="2020-10-10 05:20:00"><testcase classname="SerenityInitialTest" name="Post register user test2"/><testcase classname="SerenityInitialTest" name="Put update user test"/><testcase classname="SerenityInitialTest" name="Post register user test"/><testcase classname="SerenityInitialTest" name="Fact test"/><testcase classname="SerenityInitialTest" name="Get users"/></testsuite>